Drill report for robotv2.kicad_pcb
Created on 2025-12-20T16:44:09-0500

Copper Layer Stackup:
    =============================================================
    L1 :  F.Cu                      front
    L2 :  B.Cu                      back


Drill file 'robotv2-PTH.drl' contains
    plated through holes:
    =============================================================
    T1  0.400mm  0.0157"  (5 holes)
    T2  0.800mm  0.0315"  (2 holes)
    T3  1.000mm  0.0394"  (63 holes)
    T4  1.100mm  0.0433"  (4 holes)
    T5  1.300mm  0.0512"  (2 holes)

    Total plated holes count 76


Drill file 'robotv2-NPTH.drl' contains
    unplated through holes:
    =============================================================
    T1  3.200mm  0.1260"  (4 holes)

    Total unplated holes count 4
